#
# A fatal error has been detected by the Java Runtime Environment:
#
#  EXCEPTION_ACCESS_VIOLATION (0xc0000005) at pc=0x0000000067cd45eb, pid=4564, tid=11324
#
# JRE version: Java(TM) SE Runtime Environment (7.0_71-b14) (build 1.7.0_71-b14)
# Java VM: Java HotSpot(TM) 64-Bit Server VM (24.71-b01 mixed mode windows-amd64 compressed oops)
# Problematic frame:
# V  [jvm.dll+0x1445eb]
#
# Failed to write core dump. Minidumps are not enabled by default on client versions of Windows
#
# If you would like to submit a bug report, please visit:
#   http://bugreport.sun.com/bugreport/crash.jsp
#

---------------  T H R E A D  ---------------

Current thread (0x000000000230e000):  JavaThread "JDWP Transport Listener: dt_socket" daemon [_thread_in_vm, id=11324, stack(0x000000000d090000,0x000000000d190000)]

siginfo: ExceptionCode=0xc0000005, reading address 0xffffffffffffffff

Registers:
RAX=0x000000000d18f601, RBX=0x000000000230e000, RCX=0x003b00003b6e6f69, RDX=0x0000000000000000
RSP=0x000000000d18f610, RBP=0x003b00003b6e6f69, RSI=0x000000000d18f728, RDI=0x0000000002208c50
R8 =0x000000000230e000, R9 =0x0000000000008000, R10=0x0000000000000000, R11=0x000000000cc9200e
R12=0x0000000000000000, R13=0x0000000002306ba8, R14=0x0000000000000000, R15=0x0000000000000000
RIP=0x0000000067cd45eb, EFLAGS=0x0000000000010206

Top of Stack: (sp=0x000000000d18f610)
0x000000000d18f610:   0000000000000001 000000000ce8d310
0x000000000d18f620:   000000000d18f7f0 0000000067e75a09
0x000000000d18f630:   000000000230e000 0000000067e935b2
0x000000000d18f640:   0000000000000000 00000000687c8e8d
0x000000000d18f650:   000000000ce11368 00000000687d2666
0x000000000d18f660:   000000000230e000 0000000000000000
0x000000000d18f670:   0000000000000000 0000000000000000
0x000000000d18f680:   003b00003b6e6f69 00000000687d175d
0x000000000d18f690:   000000000d18f728 000000000d18f700
0x000000000d18f6a0:   0000000000000001 000000000ce11368
0x000000000d18f6b0:   003b00003b6e6f69 00000000687b53b3
0x000000000d18f6c0:   000000000d18f7f0 0000000000000001
0x000000000d18f6d0:   0000000000000001 000000000ce11368
0x000000000d18f6e0:   000000000000000a 0000000000000000
0x000000000d18f6f0:   0000000000000000 0000000000000000
0x000000000d18f700:   0000000000000001 00000000687b5571 

Instructions: (pc=0x0000000067cd45eb)
0x0000000067cd45cb:   48 8b 5c 24 30 48 89 47 18 48 83 c4 20 5f c3 cc
0x0000000067cd45db:   cc cc cc cc cc 40 53 48 83 ec 20 48 85 c9 74 54
0x0000000067cd45eb:   48 8b 19 48 85 db 74 4c 48 b8 fe fe fe fe fe fe
0x0000000067cd45fb:   fe fe 48 3b d8 74 3d 80 3d 8f 09 61 00 00 74 15 


Register to memory mapping:

RAX=0x000000000d18f601 is pointing into the stack for thread: 0x000000000230e000
RBX=0x000000000230e000 is a thread
RCX=0x003b00003b6e6f69 is an unknown value
RDX=0x0000000000000000 is an unknown value
RSP=0x000000000d18f610 is pointing into the stack for thread: 0x000000000230e000
RBP=0x003b00003b6e6f69 is an unknown value
RSI=0x000000000d18f728 is pointing into the stack for thread: 0x000000000230e000
RDI=0x0000000002208c50 is an unknown value
R8 =0x000000000230e000 is a thread
R9 =0x0000000000008000 is an unknown value
R10=0x0000000000000000 is an unknown value
R11=0x000000000cc9200e is an unknown value
R12=0x0000000000000000 is an unknown value
R13=0x0000000002306ba8 is an unknown value
R14=0x0000000000000000 is an unknown value
R15=0x0000000000000000 is an unknown value


Stack: [0x000000000d090000,0x000000000d190000],  sp=0x000000000d18f610,  free space=1021k
Native frames: (J=compiled Java code, j=interpreted, Vv=VM code, C=native code)
V  [jvm.dll+0x1445eb]


---------------  P R O C E S S  ---------------

Java Threads: ( => current thread )
  0x000000000cad8000 JavaThread "Service Thread" daemon [_thread_blocked, id=9100, stack(0x000000000d590000,0x000000000d690000)]
  0x000000000cacf000 JavaThread "C2 CompilerThread1" daemon [_thread_blocked, id=2852, stack(0x000000000d490000,0x000000000d590000)]
  0x000000000cad4000 JavaThread "C2 CompilerThread0" daemon [_thread_blocked, id=9956, stack(0x000000000d390000,0x000000000d490000)]
  0x000000000cac1800 JavaThread "JDWP Command Reader" daemon [_thread_in_native, id=5540, stack(0x000000000d290000,0x000000000d390000)]
  0x000000000cabc800 JavaThread "JDWP Event Helper Thread" daemon [_thread_blocked, id=1320, stack(0x000000000d190000,0x000000000d290000)]
=>0x000000000230e000 JavaThread "JDWP Transport Listener: dt_socket" daemon [_thread_in_vm, id=11324, stack(0x000000000d090000,0x000000000d190000)]
  0x0000000002307800 JavaThread "Attach Listener" daemon [_thread_blocked, id=704, stack(0x000000000cf90000,0x000000000d090000)]
  0x000000000cab1800 JavaThread "Signal Dispatcher" daemon [_thread_blocked, id=8356, stack(0x000000000ce90000,0x000000000cf90000)]
  0x000000000aac0800 JavaThread "Finalizer" daemon [_thread_blocked, id=12164, stack(0x000000000c990000,0x000000000ca90000)]
  0x000000000aab9800 JavaThread "Reference Handler" daemon [_thread_blocked, id=8460, stack(0x000000000c890000,0x000000000c990000)]
  0x0000000002212800 JavaThread "main" [_thread_blocked, id=10708, stack(0x00000000020e0000,0x00000000021e0000)]

Other Threads:
  0x000000000aab5800 VMThread [stack: 0x000000000c790000,0x000000000c890000] [id=12268]
  0x000000000cad5000 WatcherThread [stack: 0x000000000d690000,0x000000000d790000] [id=8728]

VM state:not at safepoint (normal execution)

VM Mutex/Monitor currently owned by a thread: None

Heap
 PSYoungGen      total 38400K, used 5992K [0x00000007d5e80000, 0x00000007d8900000, 0x0000000800000000)
  eden space 33280K, 18% used [0x00000007d5e80000,0x00000007d645a0b0,0x00000007d7f00000)
  from space 5120K, 0% used [0x00000007d8400000,0x00000007d8400000,0x00000007d8900000)
  to   space 5120K, 0% used [0x00000007d7f00000,0x00000007d7f00000,0x00000007d8400000)
 ParOldGen       total 86016K, used 0K [0x0000000781c00000, 0x0000000787000000, 0x00000007d5e80000)
  object space 86016K, 0% used [0x0000000781c00000,0x0000000781c00000,0x0000000787000000)
 PSPermGen       total 21504K, used 4600K [0x000000077ca00000, 0x000000077df00000, 0x0000000781c00000)
  object space 21504K, 21% used [0x000000077ca00000,0x000000077ce7e388,0x000000077df00000)

Card table byte_map: [0x00000000053d0000,0x00000000057f0000] byte_map_base: 0x00000000017eb000

Polling page: 0x0000000000880000

Code Cache  [0x0000000002310000, 0x0000000002580000, 0x0000000005310000)
 total_blobs=217 nmethods=16 adapters=162 free_code_cache=48728Kb largest_free_block=49883008

Compilation events (10 events):
Event: 0.636 Thread 0x000000000cad4000   11             java.lang.AbstractStringBuilder::append (29 bytes)
Event: 0.638 Thread 0x000000000cacf000   12             sun.net.www.ParseUtil::encodePath (336 bytes)
Event: 0.647 Thread 0x000000000cad4000 nmethod 11 0x0000000002377ad0 code [0x0000000002377c20, 0x0000000002377f38]
Event: 0.694 Thread 0x000000000cad4000   14             java.io.Win32FileSystem::normalize (143 bytes)
Event: 0.709 Thread 0x000000000cad4000 nmethod 14 0x0000000002376e90 code [0x0000000002377000, 0x0000000002377450]
Event: 0.709 Thread 0x000000000cad4000   15             java.lang.String::equals (81 bytes)
Event: 0.712 Thread 0x000000000cacf000 nmethod 12 0x000000000237b710 code [0x000000000237b960, 0x000000000237ccd8]
Event: 0.719 Thread 0x000000000cad4000 nmethod 15 0x0000000002379710 code [0x0000000002379860, 0x0000000002379b58]
Event: 0.741 Thread 0x000000000cacf000   16             java.lang.String::length (6 bytes)
Event: 0.742 Thread 0x000000000cacf000 nmethod 16 0x0000000002372d50 code [0x0000000002372e80, 0x0000000002372f18]

GC Heap History (0 events):
No events

Deoptimization events (0 events):
No events

Internal exceptions (10 events):
Event: 0.818 Thread 0x0000000002212800 Threw 0x00000007d6418868 at C:\re\jdk7u71\1605\hotspot\src\share\vm\prims\jvm.cpp:1281
Event: 0.819 Thread 0x0000000002212800 Threw 0x00000007d641d9f8 at C:\re\jdk7u71\1605\hotspot\src\share\vm\prims\jvm.cpp:1281
Event: 0.820 Thread 0x0000000002212800 Threw 0x00000007d6422be8 at C:\re\jdk7u71\1605\hotspot\src\share\vm\prims\jvm.cpp:1281
Event: 0.821 Thread 0x0000000002212800 Threw 0x00000007d64286e0 at C:\re\jdk7u71\1605\hotspot\src\share\vm\prims\jvm.cpp:1281
Event: 0.822 Thread 0x0000000002212800 Threw 0x00000007d642cc90 at C:\re\jdk7u71\1605\hotspot\src\share\vm\prims\jvm.cpp:1281
Event: 0.824 Thread 0x0000000002212800 Threw 0x00000007d64336b0 at C:\re\jdk7u71\1605\hotspot\src\share\vm\prims\jvm.cpp:1281
Event: 0.826 Thread 0x0000000002212800 Threw 0x00000007d6438d90 at C:\re\jdk7u71\1605\hotspot\src\share\vm\prims\jvm.cpp:1281
Event: 3.079 Thread 0x0000000002212800 Threw 0x00000007d643da18 at C:\re\jdk7u71\1605\hotspot\src\share\vm\prims\jvm.cpp:1281
Event: 3.111 Thread 0x0000000002212800 Threw 0x00000007d64428f0 at C:\re\jdk7u71\1605\hotspot\src\share\vm\prims\jvm.cpp:1281
Event: 3.139 Thread 0x0000000002212800 Threw 0x00000007d6448e48 at C:\re\jdk7u71\1605\hotspot\src\share\vm\prims\jvm.cpp:1281

Events (10 events):
Event: 4362.237 Executing VM operation: GetOrSetLocal
Event: 4362.238 Executing VM operation: GetOrSetLocal done
Event: 4362.242 Executing VM operation: GetOrSetLocal
Event: 4362.243 Executing VM operation: GetOrSetLocal done
Event: 4362.244 Executing VM operation: GetOrSetLocal
Event: 4362.245 Executing VM operation: GetOrSetLocal done
Event: 4362.248 Executing VM operation: GetOrSetLocal
Event: 4362.248 Executing VM operation: GetOrSetLocal done
Event: 4517.255 Executing VM operation: RedefineClasses
Event: 4517.256 Executing VM operation: RedefineClasses done


Dynamic libraries:
0x00007ff6396d0000 - 0x00007ff639703000 	C:\Program Files\Java\jdk1.7.0_71\bin\java.exe
0x00007ff9ab870000 - 0x00007ff9aba1d000 	C:\Windows\SYSTEM32\ntdll.dll
0x00007ff9a8f00000 - 0x00007ff9a903e000 	C:\Windows\system32\KERNEL32.DLL
0x00007ff9a8bf0000 - 0x00007ff9a8d05000 	C:\Windows\system32\KERNELBASE.dll
0x00007ff9a67e0000 - 0x00007ff9a686e000 	C:\Windows\system32\apphelp.dll
0x00007ff9a2360000 - 0x00007ff9a23b3000 	C:\Windows\AppPatch\AppPatch64\AcGenral.DLL
0x00007ff9a91e0000 - 0x00007ff9a928a000 	C:\Windows\system32\msvcrt.dll
0x00007ff9a8790000 - 0x00007ff9a87be000 	C:\Windows\SYSTEM32\SspiCli.dll
0x00007ff9ab4c0000 - 0x00007ff9ab514000 	C:\Windows\system32\SHLWAPI.dll
0x00007ff9ab340000 - 0x00007ff9ab4b7000 	C:\Windows\system32\USER32.dll
0x00007ff9ab5d0000 - 0x00007ff9ab764000 	C:\Windows\system32\ole32.dll
0x00007ff9a9290000 - 0x00007ff9aa7ba000 	C:\Windows\system32\SHELL32.dll
0x00007ff9a7f60000 - 0x00007ff9a7f81000 	C:\Windows\SYSTEM32\USERENV.dll
0x00007ff9ab520000 - 0x00007ff9ab5ca000 	C:\Windows\system32\ADVAPI32.dll
0x00007ff9909d0000 - 0x00007ff9909ee000 	C:\Windows\SYSTEM32\MPR.dll
0x00007ff9aa890000 - 0x00007ff9aa9d1000 	C:\Windows\system32\RPCRT4.dll
0x00007ff9a9110000 - 0x00007ff9a9169000 	C:\Windows\SYSTEM32\sechost.dll
0x00007ff9aac50000 - 0x00007ff9aae61000 	C:\Windows\SYSTEM32\combase.dll
0x00007ff9ab080000 - 0x00007ff9ab1d0000 	C:\Windows\system32\GDI32.dll
0x00007ff9a89c0000 - 0x00007ff9a89d5000 	C:\Windows\SYSTEM32\profapi.dll
0x00007ff9a7610000 - 0x00007ff9a76c2000 	C:\Windows\SYSTEM32\SHCORE.dll
0x00007ff9ab830000 - 0x00007ff9ab866000 	C:\Windows\system32\IMM32.DLL
0x00007ff9ab1d0000 - 0x00007ff9ab322000 	C:\Windows\system32\MSCTF.dll
0x00007ff9a6fc0000 - 0x00007ff9a723b000 	C:\Windows\WinSxS\amd64_microsoft.windows.common-controls_6595b64144ccf1df_6.0.9600.18006_none_623f33d3ecbe86e8\COMCTL32.dll
0x0000000068830000 - 0x0000000068902000 	C:\Program Files\Java\jdk1.7.0_71\jre\bin\msvcr100.dll
0x0000000067b90000 - 0x0000000068363000 	C:\Program Files\Java\jdk1.7.0_71\jre\bin\server\jvm.dll
0x00007ff9915f0000 - 0x00007ff9915f9000 	C:\Windows\SYSTEM32\WSOCK32.dll
0x00007ff9a7240000 - 0x00007ff9a7262000 	C:\Windows\SYSTEM32\WINMM.dll
0x00007ff9a8ef0000 - 0x00007ff9a8ef7000 	C:\Windows\system32\PSAPI.DLL
0x00007ff9ab770000 - 0x00007ff9ab7ca000 	C:\Windows\system32\WS2_32.dll
0x00007ff9a6f50000 - 0x00007ff9a6f7a000 	C:\Windows\SYSTEM32\WINMMBASE.dll
0x00007ff9a9040000 - 0x00007ff9a9049000 	C:\Windows\system32\NSI.dll
0x00007ff9a8b40000 - 0x00007ff9a8b8f000 	C:\Windows\SYSTEM32\cfgmgr32.dll
0x00007ff9a7770000 - 0x00007ff9a7798000 	C:\Windows\SYSTEM32\DEVOBJ.dll
0x0000000068820000 - 0x000000006882f000 	C:\Program Files\Java\jdk1.7.0_71\jre\bin\verify.dll
0x00000000687f0000 - 0x0000000068818000 	C:\Program Files\Java\jdk1.7.0_71\jre\bin\java.dll
0x00000000687b0000 - 0x00000000687e5000 	C:\Program Files\Java\jdk1.7.0_71\jre\bin\jdwp.dll
0x00000000687a0000 - 0x00000000687a8000 	C:\Program Files\Java\jdk1.7.0_71\jre\bin\npt.dll
0x0000000068780000 - 0x0000000068795000 	C:\Program Files\Java\jdk1.7.0_71\jre\bin\zip.dll
0x0000000068770000 - 0x0000000068779000 	C:\Program Files\Java\jdk1.7.0_71\jre\bin\dt_socket.dll
0x00007ff9a81d0000 - 0x00007ff9a8229000 	C:\Windows\system32\mswsock.dll
0x00007ff99bbe0000 - 0x00007ff99bd69000 	C:\Windows\SYSTEM32\dbghelp.dll

VM Arguments:
jvm_args: -agentlib:jdwp=transport=dt_socket,address=127.0.0.1:53863,suspend=y,server=n -Didea.junit.sm_runner -Dfile.encoding=UTF-8 
java_command: com.intellij.rt.execution.junit.JUnitStarter -ideVersion5 series.serie1.RemoveIndexesTest,test_removeIndexes_with_higher_indexes
Launcher Type: SUN_STANDARD

Environment Variables:
PATH=C:\Program Files (x86)\NVIDIA Corporation\PhysX\Common;C:\Program Files (x86)\Intel\iCLS Client\;C:\Program Files\Intel\iCLS Client\;C:\Windows\system32;C:\Windows;C:\Windows\System32\Wbem;C:\Windows\System32\WindowsPowerShell\v1.0\;C:\Program Files\Intel\Intel(R) Management Engine Components\DAL;C:\Program Files\Intel\Intel(R) Management Engine Components\IPT;C:\Program Files (x86)\Intel\Intel(R) Management Engine Components\DAL;C:\Program Files (x86)\Intel\Intel(R) Management Engine Components\IPT;C:\Program Files\MATLAB\R2014a\runtime\win64;C:\Program Files\MATLAB\R2014a\bin;C:\Program Files\MATLAB\R2014a\polyspace\bin;C:\Program Files (x86)\Microsoft SQL Server\100\Tools\Binn\VSShell\Common7\IDE\;C:\Program Files (x86)\Microsoft SQL Server\100\Tools\Binn\;C:\Program Files (x86)\Microsoft SQL Server\100\DTS\Binn\;C:\Program Files\Microsoft SQL Server\Client SDK\ODBC\110\Tools\Binn\;C:\Program Files (x86)\Microsoft SQL Server\120\Tools\Binn\;C:\Program Files\Microsoft SQL Server\120\Tools\Binn\;C:\Program Files\Microsoft SQL Server\120\DTS\Binn\;C:\Program Files (x86)\Microsoft SQL Server\120\Tools\Binn\ManagementStudio\;C:\Program Files (x86)\Microsoft SQL Server\120\DTS\Binn\;C:\Program Files (x86)\Skype\Phone\;C:\Program Files (x86)\Windows Kits\8.1\Windows Performance Toolkit\;C:\Program Files\Microsoft SQL Server\110\Tools\Binn\;C:\Program Files (x86)\Microsoft Visual Studio 12.0\Common7\Tools;C:\Wincupl\WINCUPL\EXE;C:\Wincupl\WINCUPL\FITTERS
USERNAME=david
OS=Windows_NT
PROCESSOR_IDENTIFIER=Intel64 Family 6 Model 60 Stepping 3, GenuineIntel



---------------  S Y S T E M  ---------------

OS: Windows 8.1 , 64 bit Build 9600 

CPU:total 8 (4 cores per cpu, 2 threads per core) family 6 model 60 stepping 3, cmov, cx8, fxsr, mmx, sse, sse2, sse3, ssse3, sse4.1, sse4.2, popcnt, avx, avx2, aes, erms, ht, tsc, tscinvbit

Memory: 4k page, physical 8268788k(4943832k free), swap 9579508k(4902632k free)

vm_info: Java HotSpot(TM) 64-Bit Server VM (24.71-b01) for windows-amd64 JRE (1.7.0_71-b14), built on Sep 26 2014 16:16:12 by "java_re" with unknown MS VC++:1600

time: Wed Apr 06 16:32:47 2016
elapsed time: 4517 seconds

